1908
2154
2300
3371
2148
27
36
373
423
87
47
182
479
74
74
-24
67
-178
-90
103
-13
100
60
130
38
-182
125
-77
45
76
-7
163
108
61
144
70
-1112
-571
12
91
96
57
46
94
72
-28
-60
15
195
68
268
151
-141
20
120
1
173
72
-53
148
121
-83
-45
60
101
87
23
199
171
216
80
72
67
-34
86
-31
-25
29
-83
217
296
32
48
139
-25
-132
114
51
-107
-1936
-13
-44
-128
139
102
98
-120
86
545
-403
1
108
67
-13
65
-113
-69
321
-54
-34
206
126
169
73
37
-270
-1097
419
186
-231
-2
824
38
-113
52
126
-180
66
-187
170
109
132
-1075
125
13
47
97
197
188
91
178
48
37
198
-230
199
-449
123
229
151
-56
-22
157
356
206
63
104
-159
-81
-9
-344
-87
67
33
65
-21
128
36
107
6
56
271
111
-66
38
19
72
140
-25
108
18
275
154
35
29
552
483
109
63
123
-57
-13
27
55
292
-61
430
114
195
141
-34
255
40
59
69
119
-66
891
32
71
112
130
-4
-1917
-19
8
93
0
86
209
-547
173
109
-9
-199
26
59
12
-19
30
132
0
6
53
631
68
127
216
6
307
-19
-62
-41
129
1
267
159
32
60
126
129
323
596
155
37
25
2605
-15
-10
59
92
44
224
97
-55
89
-376
643
-26
246
316
152
89
-90
46
121
113
-73
-207
-74
44
45
-262
-61
632
558
1297
61
13
93
247
-236
62
110
-15
220
74
66
264
43
1428
-209
493
157
175
173
127
-165
231
32
-32
0
107
37
20
94
53
-50
18
90
316
84
-80
77
470
147
75
160
68
373
41
199
4
118
-8
257
38
5
215
2
123
-265
124
203
52
53
-130
196
-72
7
109
190
180
25
-61
162
49
83
-28
120
15
265
-152
-6
8
125
116
10
-82
44
41
52
44
-58
116
-38
243
-427
217
-714
8
49
16
48
12
-137
7
-85
82
73
1033
68
260
57
182
-95
114
73
75
166
118
129
80
-5
212
442
56
-29
47
128
541
10
-1
-361
67
-113
31
-18
123
102
213
-191
20
62
45
59
40
107
30
291
48
-634
-11
13
-49
245
165
138
13
-49
64
-96
103
151
428
81
-112
34
255
19
-64
-127
-46
91
-667
-8
151
41
-27
47
-119
865
20
19
96
54
-263
92
64
126
18
323
76
507
40
10
-242
406
-369
-295
76
95
112
98
116
-30
-128
6
-34
-16
74
69
55
33
-42
103
159
57
314
149
65
219
57
180
306
149
133
-50
37
217
-39
-14
38
150
-173
-2205
663
129
-62
81
32
93
-79
58
122
20
112
33
-262
-232
67
54
-39
61
27
40
90
43
586
-272
-164
99
67
-79
343
-39
142
0
83
66
356
85
8
-14
137
-272
155
118
-57
-1054
0
214
407
901
95
103
205
188
75
26
33
513
109
19
237
15
-5
-132
125
80
8
2667
39
104
126
259
-45
6
19
157
168
-81
-86
25
49
-97
118
57
139
7
-379
101
75
-162
109
-71
79
190
53
137
175
40
126
87
193
197
-4
48
30
23
54
120
29
100
-1255
-124
69
56
-107
30
50
84
14
116
101
19
-58
8
402
1101
111
-63
97
73
85
57
-9
-54
245
-143
-81
89
130
-104
4
-8
71
-132
-154
49
228
58
51
-437
47
1017
925
184
-28
-5
-25
102
-291
-133
-92
126
-68
186
309
70
42
-56
59
101
336
64
101
70
42
133
0
-73
116
-81
90
58
143
-288
-345
42
125
94
188
39
77
227
131
25
78
86
50
-230
121
105
71
43
493
-129
132
147
369
146
-13
-62
-16
42
59
2
151
-573
-37
-313
64
-10
341
85
194
33
38
20
1350
-2
105
82
143
245
139
265
59
137
-2
33
157
78
40
122
41
5
411
180
-495
-826
392
134
-20
-122
33
30
-24
-104
-370
111
80
0
-1
630
116
46
148
89
28
182
-26
-6
-21
96
43
-10
73
97
196
197
-113
102
7
76
189
140
1
106
103
-337
155
84
557
86
43
112
-702
281
74
39
27
23
66
92
34
70
41
72
210
374
25
26
60
76
238
-257
121
190
-39
311
-931
-19
-204
-2105
109
152
-380
467
314
-156
132
99
29
56
54
114
75
-90
-7
122
60
113
4
67
318
83
2
-34
143
-64
-26
55
-82
-65
-191
546
-339
35
128
244
100
84
112
73
82
25
83
29
-55
65
103
2626
-195
-42
34
57
-97
93
-114
177
52
8
88
60
68
9
224
-27
978
8
27
273
-32
5
51
-126
32
37
48
100
61
-281
51
-352
-689
-73
37
-194
-34
0
127
95
112
-566
-260
-59
159
42
597
61
106
103
75
183
71
100
136
-11
251
116
528
30
85
39
43
42
-62
-17
-337
351
163
45
82
-43
30
-232
-26
0
104
476
136
33
16
39
-6
50
165
15
-166
-15
22
-99
40
85
109
112
176
-77
185
-55
228
220
54
51
52
95
58
543
-215
23
1763
82
106
-103
0
958
65
132
-5
-47
1532
-35
-272
-19
83
76
-48
203
-281
-1
-70
149
53
35
129
33
265
126
-6
62
36
86
91
-677
1203
-111
49
245
5
123
-1100
-56
-134
103
-49
57
113
134
118
-169
75
428
55
-69
22
191
-42
316
162
100
175
127
58
168
-11
79
64
-251
138
7
26
-176
-58
217
166
109
-6
-249
301
10
-281
-376
271
17
125
55
-20
371
48
-291
65
81
132
-19
33
128
153
-115
30
23
210
254
4
69
-26
110
249
-75
121
53
54
132
110
-51
0
73
-229
39
345
152
-15
140
357
69
34
133
74
437
50
-22
-5
91
439
78
-474
4
161
-72
9
162
187
3
405
13
39
202
-102
-81
213
-1
365
30
-196
30
649
41
100
5
29
75
43
-548
499
180
-24
126
139
75
155
57
448
102
138
-266
118
125
90
301
118
156
152
126
95
55
47
150
195
30
137
199
-82
89
84
96
84
127
87
21
-80
-36
-62
21
-1
55
103
38
20
7
56
95
234
-26
8
-4
-18
52
0
11
162
281
-261
56
74
6
148
-9
-216
43
84
-86
-46
24
-68
29
189
126
23
-66
156
52
57
86
-43
362
180
-49
143
197
70
-248
-88
65
94
-18
-141
305
151
206
2
-36
155
202
217
41
312
128
23
-29
26
91
8
65
-46
-234
186
77
62
264
153
429
45
70
5
173
37
43
128
105
-35
97
70
2272
484
995
11
-334
-19
-114
107
-80
209
-252
93
97
66
1
65
64
-129
65
93
-16
-304
59
75
27
8
-318
324
-78
34
28
61
62
-16
31
90
-3
22
284
16
98
-34
47
108
394
-46
219
531
3
114
96
13
56
-16
39
167
274
56
-122
53
341
-44
284
110
78
118
-237
36
116
15
107
85
2
49
-245
76
152
64
84
12
13
119
83
63
-29
-399
-32
-98
676
-30
99
254
43
330
176
100
64
30
128
146
608
-244
66
110
-206
-1666
-160
200
84
85
201
10
73
2
109
318
113
275
44
1718
-205
532
133
169
-1667
402
125
14
41
52
14
-43
-95
204
107
77
105
112
92
53
-13
115
-99
49
92
-57
969
55
47
103
-81
-33
428
82
220
50
-67
69
17
-12
100
-126
115
103
-174
21
-159
435
185
86
8
68
131
220
57
35
229
0
102
99
-82
70
-16
18
167
-134
218
-413
2
123
48
21
27
100
-14
0
71
68
-124
73
58
130
26
197
321
189
5
89
-29
63
134
44
19
57
103
17
199
60
1018
-62
36
257
134
135
12
137
190
64
-845
190
-58
-38
144
34
15
73
59
324
-210
101
40
33
38
35
128
81
1
-40
-155
439
102
60
186
220
289
-88
66
100
60
458
12
109
75
46
67
222
132
97
127
11
-12
93
183
302
121
488
147
48
426
162
110
26
66
7
445
-291
195
39
128
-176
-244
-74
188
42
99
57
83
584
-121
-148
132
-7
2
67
498
48
160
108
10
45
87
-133
44
103
70
-35
46
41
-112
0
80
169
11
6
15
-38
23
59
265
23
106
75
240
184
-5
30
33
62
-88
-133
24
49
-84
25
-114
268
203
74
-1296
5
-679
188
96
24
122
86
242
-71
52
10
62
-45
361
281
73
58
-26
-190
30
-85
44
168
90
69
12
174
-370
-136
-5
112
20
63
-993
488
175
0
94
38
-481
137
102
3
8
-35
-180
47
391
54
175
402
0
88
-177
165
-21
284
-808
67
31
-82
184
116
94
28
3006
52
94
-11
167
-56
213
-164
-7
60
49
191
-186
528
68
-72
279
-22
123
34
-36
76
263
157
331
104
-60
-13
314
158
-77
-398
-940
1134
-259
147
53
83
-41
543
10
157
187
-58
46
1160
-16
52
16
171
134
155
46
-61
0
112
30
-68
132
207
-6
106
159
415
121
58
192
-507
14
223
307
-15
125
-105
-16
40
158
863
3
-18
327
14
101
78
74
78
56
10
1431
936
121
4
708
117
115
181
227
-83
272
-23
140
-4089
107
154
116
367
-778
525
361
-13
67
-21
-50
-176
1209
71
87
225
74
-61
173
-66
-14
177
-250
139
67
-119
213
178
94
-89
17
127
-19
121
7
175
84
-66
37
-127
7
196
-196
248
-4
117
35
231
77
40
364
78
49
182
167
40
87
-152
-90
75
-41
-821
318
228
137
97
58
143
67
-151
149
1185
-56
-8
69
83
-5
93
17
-183
130
-477
85
-758
-41
49
-9
427
66
0
97
-50
25
200
67
16
189
-229
58
53
282
112
20
155
274
-176
62
118
429
92
-404
29
121
-107
-38
99
166
86
190
119
63
51
114
94
418
-12
-50
93
-8
136
1
-106
62
35
80
16
35
-85
131
55
1624
60
140
109
-37
78
-16
81
16
77
2
75
-69
117
74
99
309
-126
116
73
54
334
-44
92
98
51
77
191
-597
53
-9
-185
111
-29
-316
171
121
7
202
123
116
17
164
56
-32
116
-259
47
64
-1340
132
161
0
62
102
2
180
-104
-208
146
49
5
-134
905
-172
195
